build/intermediates/manifest_merge_blame_file/fossDebug/processFossDebugMainManifest/manifest-merger-blame-foss-debug-report.txt
1<?xml version="1.0" encoding="utf-8"?>
2<manifest xmlns:android="http://schemas.android.com/apk/res/android"
3    package="chat.delta.lite.beta"
4    android:versionCode="300007464"
5    android:versionName="2.53.0" > <!-- force compiling libs on older sdk than supported; runtime checks are required -->
6    <uses-sdk
6-->src/main/AndroidManifest.xml:79:5-87
7        android:minSdkVersion="21"
8        android:targetSdkVersion="36" />
9
10    <uses-permission android:name="android.permission.FOREGROUND_SERVICE_SPECIAL_USE" />
10-->src/foss/AndroidManifest.xml:6:5-7:76
10-->src/foss/AndroidManifest.xml:7:9-73
11
12    <uses-feature
12-->src/main/AndroidManifest.xml:6:5-8:36
13        android:name="android.hardware.camera"
13-->src/main/AndroidManifest.xml:7:9-47
14        android:required="false" />
14-->src/main/AndroidManifest.xml:8:9-33
15    <uses-feature
15-->src/main/AndroidManifest.xml:9:5-11:36
16        android:name="android.hardware.bluetooth"
16-->src/main/AndroidManifest.xml:10:9-50
17        android:required="false" />
17-->src/main/AndroidManifest.xml:11:9-33
18    <uses-feature
18-->src/main/AndroidManifest.xml:12:5-14:36
19        android:name="android.hardware.location"
19-->src/main/AndroidManifest.xml:13:9-49
20        android:required="false" />
20-->src/main/AndroidManifest.xml:14:9-33
21    <uses-feature
21-->src/main/AndroidManifest.xml:15:5-17:36
22        android:name="android.hardware.location.network"
22-->src/main/AndroidManifest.xml:16:9-57
23        android:required="false" />
23-->src/main/AndroidManifest.xml:17:9-33
24    <uses-feature
24-->src/main/AndroidManifest.xml:18:5-20:36
25        android:name="android.hardware.location.gps"
25-->src/main/AndroidManifest.xml:19:9-53
26        android:required="false" />
26-->src/main/AndroidManifest.xml:20:9-33
27    <uses-feature
27-->src/main/AndroidManifest.xml:21:5-23:36
28        android:name="android.hardware.microphone"
28-->src/main/AndroidManifest.xml:22:9-51
29        android:required="false" />
29-->src/main/AndroidManifest.xml:23:9-33
30    <uses-feature
30-->src/main/AndroidManifest.xml:24:5-26:36
31        android:name="android.hardware.wifi"
31-->src/main/AndroidManifest.xml:25:9-45
32        android:required="false" />
32-->src/main/AndroidManifest.xml:26:9-33
33    <uses-feature
33-->src/main/AndroidManifest.xml:27:5-29:36
34        android:name="android.hardware.portrait"
34-->src/main/AndroidManifest.xml:28:9-49
35        android:required="false" />
35-->src/main/AndroidManifest.xml:29:9-33
36    <uses-feature
36-->src/main/AndroidManifest.xml:30:5-32:36
37        android:name="android.hardware.touchscreen"
37-->src/main/AndroidManifest.xml:31:9-52
38        android:required="false" /> <!-- dangerous permissions - we need to as the user with a PermissionsRequest -->
38-->src/main/AndroidManifest.xml:32:9-33
39    <uses-permission android:name="android.permission.READ_MEDIA_IMAGES" />
39-->src/main/AndroidManifest.xml:35:5-76
39-->src/main/AndroidManifest.xml:35:22-73
40    <uses-permission android:name="android.permission.READ_MEDIA_VIDEO" />
40-->src/main/AndroidManifest.xml:36:5-75
40-->src/main/AndroidManifest.xml:36:22-72
41    <uses-permission
41-->src/main/AndroidManifest.xml:37:5-39:38
42        android:name="android.permission.READ_EXTERNAL_STORAGE"
42-->src/main/AndroidManifest.xml:38:9-64
43        android:maxSdkVersion="32" />
43-->src/main/AndroidManifest.xml:39:9-35
44    <uses-permission
44-->src/main/AndroidManifest.xml:40:5-42:38
45        android:name="android.permission.WRITE_EXTERNAL_STORAGE"
45-->src/main/AndroidManifest.xml:41:9-65
46        android:maxSdkVersion="29" />
46-->src/main/AndroidManifest.xml:42:9-35
47    <uses-permission android:name="android.permission.POST_NOTIFICATIONS" />
47-->src/main/AndroidManifest.xml:43:5-77
47-->src/main/AndroidManifest.xml:43:22-74
48    <uses-permission android:name="android.permission.CAMERA" />
48-->src/main/AndroidManifest.xml:44:5-65
48-->src/main/AndroidManifest.xml:44:22-62
49    <uses-permission
49-->src/main/AndroidManifest.xml:45:5-47:38
50        android:name="android.permission.BLUETOOTH"
50-->src/main/AndroidManifest.xml:46:9-52
51        android:maxSdkVersion="30" />
51-->src/main/AndroidManifest.xml:47:9-35
52    <uses-permission android:name="android.permission.BLUETOOTH_CONNECT" />
52-->src/main/AndroidManifest.xml:48:5-76
52-->src/main/AndroidManifest.xml:48:22-73
53    <uses-permission android:name="android.permission.ACCESS_COARSE_LOCATION" />
53-->src/main/AndroidManifest.xml:49:5-81
53-->src/main/AndroidManifest.xml:49:22-78
54    <uses-permission android:name="android.permission.ACCESS_FINE_LOCATION" />
54-->src/main/AndroidManifest.xml:50:5-79
54-->src/main/AndroidManifest.xml:50:22-76
55    <uses-permission android:name="android.permission.RECORD_AUDIO" />
55-->src/main/AndroidManifest.xml:51:5-71
55-->src/main/AndroidManifest.xml:51:22-68
56    <uses-permission android:name="android.permission.USE_FULL_SCREEN_INTENT" /> <!-- normal/instant permissions - adding them here is enough -->
56-->src/main/AndroidManifest.xml:52:5-81
56-->src/main/AndroidManifest.xml:52:22-78
57    <uses-permission android:name="android.permission.MODIFY_AUDIO_SETTINGS" />
57-->src/main/AndroidManifest.xml:55:5-80
57-->src/main/AndroidManifest.xml:55:22-77
58    <uses-permission android:name="android.permission.RECEIVE_BOOT_COMPLETED" />
58-->src/main/AndroidManifest.xml:56:5-81
58-->src/main/AndroidManifest.xml:56:22-78
59    <uses-permission android:name="android.permission.VIBRATE" />
59-->src/main/AndroidManifest.xml:57:5-66
59-->src/main/AndroidManifest.xml:57:22-63
60    <uses-permission android:name="android.permission.ACCESS_NETWORK_STATE" />
60-->src/main/AndroidManifest.xml:58:5-79
60-->src/main/AndroidManifest.xml:58:22-76
61    <uses-permission android:name="android.permission.WAKE_LOCK" />
61-->src/main/AndroidManifest.xml:59:5-68
61-->src/main/AndroidManifest.xml:59:22-65
62    <uses-permission android:name="android.permission.INTERNET" />
62-->src/main/AndroidManifest.xml:60:5-67
62-->src/main/AndroidManifest.xml:60:22-64
63    <uses-permission android:name="android.permission.INSTALL_SHORTCUT" />
63-->src/main/AndroidManifest.xml:61:5-75
63-->src/main/AndroidManifest.xml:61:22-72
64    <uses-permission android:name="com.android.launcher.permission.INSTALL_SHORTCUT" />
64-->src/main/AndroidManifest.xml:62:5-88
64-->src/main/AndroidManifest.xml:62:22-85
65    <uses-permission android:name="android.permission.ACCESS_WIFI_STATE" />
65-->src/main/AndroidManifest.xml:63:5-76
65-->src/main/AndroidManifest.xml:63:22-73
66    <uses-permission android:name="android.permission.RAISED_THREAD_PRIORITY" />
66-->src/main/AndroidManifest.xml:64:5-81
66-->src/main/AndroidManifest.xml:64:22-78
67    <uses-permission android:name="android.permission.REQUEST_IGNORE_BATTERY_OPTIMIZATIONS" />
67-->src/main/AndroidManifest.xml:65:5-66:82
67-->src/main/AndroidManifest.xml:66:9-79
68    <uses-permission android:name="android.permission.FOREGROUND_SERVICE" />
68-->src/main/AndroidManifest.xml:67:5-77
68-->src/main/AndroidManifest.xml:67:22-74
69    <uses-permission android:name="android.permission.REQUEST_INSTALL_PACKAGES" />
69-->src/main/AndroidManifest.xml:68:5-83
69-->src/main/AndroidManifest.xml:68:22-80
70    <uses-permission android:name="android.permission.FOREGROUND_SERVICE_DATA_SYNC" />
70-->src/main/AndroidManifest.xml:69:5-87
70-->src/main/AndroidManifest.xml:69:22-84
71    <uses-permission android:name="android.permission.FOREGROUND_SERVICE_MEDIA_PLAYBACK" />
71-->src/main/AndroidManifest.xml:70:5-71:79
71-->src/main/AndroidManifest.xml:71:9-76
72    <uses-permission android:name="android.permission.FOREGROUND_SERVICE_CAMERA" />
72-->src/main/AndroidManifest.xml:72:5-84
72-->src/main/AndroidManifest.xml:72:22-81
73    <uses-permission android:name="android.permission.FOREGROUND_SERVICE_MICROPHONE" />
73-->src/main/AndroidManifest.xml:73:5-88
73-->src/main/AndroidManifest.xml:73:22-85
74    <uses-permission android:name="android.permission.FOREGROUND_SERVICE_PHONE_CALL" />
74-->src/main/AndroidManifest.xml:74:5-88
74-->src/main/AndroidManifest.xml:74:22-85
75    <uses-permission android:name="android.permission.FOREGROUND_SERVICE_LOCATION" />
75-->src/main/AndroidManifest.xml:75:5-86
75-->src/main/AndroidManifest.xml:75:22-83
76    <uses-permission android:name="android.permission.MANAGE_OWN_CALLS" />
76-->src/main/AndroidManifest.xml:76:5-75
76-->src/main/AndroidManifest.xml:76:22-72
77
78    <queries>
78-->src/main/AndroidManifest.xml:590:5-597:15
79        <intent>
79-->src/main/AndroidManifest.xml:591:9-593:18
80            <action android:name="android.media.action.IMAGE_CAPTURE" />
80-->src/main/AndroidManifest.xml:592:13-73
80-->src/main/AndroidManifest.xml:592:21-70
81        </intent>
82        <intent>
82-->src/main/AndroidManifest.xml:594:9-596:18
83            <action android:name="android.intent.action.TTS_SERVICE" />
83-->src/main/AndroidManifest.xml:595:13-72
83-->src/main/AndroidManifest.xml:595:21-69
84        </intent>
85    </queries>
86
87    <permission
87-->[androidx.core:core:1.17.0] AndroidManifest.xml:22:5-24:47
88        android:name="chat.delta.lite.beta.DYNAMIC_RECEIVER_NOT_EXPORTED_PERMISSION"
88-->[androidx.core:core:1.17.0] AndroidManifest.xml:23:9-81
89        android:protectionLevel="signature" />
89-->[androidx.core:core:1.17.0] AndroidManifest.xml:24:9-44
90
91    <uses-permission android:name="chat.delta.lite.beta.DYNAMIC_RECEIVER_NOT_EXPORTED_PERMISSION" />
91-->[androidx.core:core:1.17.0] AndroidManifest.xml:26:5-97
91-->[androidx.core:core:1.17.0] AndroidManifest.xml:26:22-94
92
93    <uses-feature
93-->[com.journeyapps:zxing-android-embedded:4.3.0] AndroidManifest.xml:28:5-30:36
94        android:name="android.hardware.camera.front"
94-->[com.journeyapps:zxing-android-embedded:4.3.0] AndroidManifest.xml:29:9-53
95        android:required="false" /> <!-- TODO replace above two with next line after Android 4.2 -->
95-->[com.journeyapps:zxing-android-embedded:4.3.0] AndroidManifest.xml:30:9-33
96    <!-- <uses-feature android:name="android.hardware.camera.any"/> -->
97    <uses-feature
97-->[com.journeyapps:zxing-android-embedded:4.3.0] AndroidManifest.xml:33:5-35:36
98        android:name="android.hardware.camera.autofocus"
98-->[com.journeyapps:zxing-android-embedded:4.3.0] AndroidManifest.xml:34:9-57
99        android:required="false" />
99-->[com.journeyapps:zxing-android-embedded:4.3.0] AndroidManifest.xml:35:9-33
100    <uses-feature
100-->[com.journeyapps:zxing-android-embedded:4.3.0] AndroidManifest.xml:36:5-38:36
101        android:name="android.hardware.camera.flash"
101-->[com.journeyapps:zxing-android-embedded:4.3.0] AndroidManifest.xml:37:9-53
102        android:required="false" />
102-->[com.journeyapps:zxing-android-embedded:4.3.0] AndroidManifest.xml:38:9-33
103    <uses-feature
103-->[com.journeyapps:zxing-android-embedded:4.3.0] AndroidManifest.xml:39:5-41:36
104        android:name="android.hardware.screen.landscape"
104-->[com.journeyapps:zxing-android-embedded:4.3.0] AndroidManifest.xml:40:9-57
105        android:required="false" />
105-->[com.journeyapps:zxing-android-embedded:4.3.0] AndroidManifest.xml:41:9-33
106
107    <application
107-->src/main/AndroidManifest.xml:81:5-588:19
108        android:name="org.thoughtcrime.securesms.ApplicationContext"
108-->src/main/AndroidManifest.xml:82:9-43
109        android:allowBackup="false"
109-->src/main/AndroidManifest.xml:86:9-36
110        android:appComponentFactory="androidx.core.app.CoreComponentFactory"
110-->[androidx.core:core:1.17.0] AndroidManifest.xml:28:18-86
111        android:debuggable="true"
112        android:extractNativeLibs="true"
113        android:hasFragileUserData="true"
113-->src/main/AndroidManifest.xml:92:9-42
114        android:icon="@mipmap/ic_launcher"
114-->src/main/AndroidManifest.xml:83:9-43
115        android:label="@string/app_name"
115-->src/main/AndroidManifest.xml:84:9-41
116        android:largeHeap="true"
116-->src/main/AndroidManifest.xml:88:9-33
117        android:localeConfig="@xml/_generated_res_locale_config"
118        android:requestLegacyExternalStorage="true"
118-->src/main/AndroidManifest.xml:90:9-52
119        android:supportsRtl="true"
119-->src/main/AndroidManifest.xml:85:9-35
120        android:theme="@style/TextSecure.LightTheme" >
120-->src/main/AndroidManifest.xml:87:9-53
121        <service
121-->src/foss/AndroidManifest.xml:10:9-13:38
122            android:name="org.thoughtcrime.securesms.connect.KeepAliveService"
122-->src/foss/AndroidManifest.xml:11:13-53
123            android:enabled="true"
123-->src/foss/AndroidManifest.xml:13:13-35
124            android:foregroundServiceType="specialUse" />
124-->src/foss/AndroidManifest.xml:12:13-55
125        <!--
126         android car support, see https://developer.android.com/training/auto/start/, as this potentially
127            blocks releases on gplay due to extra-checks, we disable this during the first gplay releases
128        -->
129        <!--
130 <meta-data android:name="com.google.android.gms.car.application" android:resource="@xml/automotive_app_desc"
131            />
132        -->
133        <!-- Opt out of metrics collection: https://developer.android.com/develop/ui/views/layout/webapps/managing-webview#metrics -->
134        <meta-data
134-->src/main/AndroidManifest.xml:100:9-102:36
135            android:name="android.webkit.WebView.MetricsOptOut"
135-->src/main/AndroidManifest.xml:101:13-64
136            android:value="true" />
136-->src/main/AndroidManifest.xml:102:13-33
137
138        <activity
138-->src/main/AndroidManifest.xml:104:9-149:20
139            android:name="org.thoughtcrime.securesms.ShareActivity"
139-->src/main/AndroidManifest.xml:105:13-42
140            android:configChanges="touchscreen|keyboard|keyboardHidden|orientation|screenLayout|screenSize"
140-->src/main/AndroidManifest.xml:111:13-108
141            android:excludeFromRecents="true"
141-->src/main/AndroidManifest.xml:107:13-46
142            android:exported="true"
142-->src/main/AndroidManifest.xml:112:13-36
143            android:launchMode="singleTask"
143-->src/main/AndroidManifest.xml:108:13-44
144            android:taskAffinity=""
144-->src/main/AndroidManifest.xml:109:13-36
145            android:theme="@android:style/Theme.Translucent.NoTitleBar"
145-->src/main/AndroidManifest.xml:106:13-72
146            android:windowSoftInputMode="stateHidden" >
146-->src/main/AndroidManifest.xml:110:13-54
147            <intent-filter>
147-->src/main/AndroidManifest.xml:114:13-124:29
148                <action android:name="android.intent.action.SEND" />
148-->src/main/AndroidManifest.xml:115:17-69
148-->src/main/AndroidManifest.xml:115:25-66
149
150                <category android:name="android.intent.category.DEFAULT" />
150-->src/main/AndroidManifest.xml:116:17-76
150-->src/main/AndroidManifest.xml:116:27-73
151
152                <data android:mimeType="audio/*" />
152-->src/main/AndroidManifest.xml:117:17-52
152-->src/main/AndroidManifest.xml:117:23-49
153                <data android:mimeType="image/*" />
153-->src/main/AndroidManifest.xml:117:17-52
153-->src/main/AndroidManifest.xml:117:23-49
154                <data android:mimeType="text/plain" />
154-->src/main/AndroidManifest.xml:117:17-52
154-->src/main/AndroidManifest.xml:117:23-49
155                <data android:mimeType="video/*" />
155-->src/main/AndroidManifest.xml:117:17-52
155-->src/main/AndroidManifest.xml:117:23-49
156                <data android:mimeType="application/*" />
156-->src/main/AndroidManifest.xml:117:17-52
156-->src/main/AndroidManifest.xml:117:23-49
157                <data android:mimeType="text/*" />
157-->src/main/AndroidManifest.xml:117:17-52
157-->src/main/AndroidManifest.xml:117:23-49
158                <data android:mimeType="*/*" />
158-->src/main/AndroidManifest.xml:117:17-52
158-->src/main/AndroidManifest.xml:117:23-49
159            </intent-filter>
160            <intent-filter>
160-->src/main/AndroidManifest.xml:126:13-132:29
161                <data android:scheme="mailto" />
161-->src/main/AndroidManifest.xml:117:17-52
162
163                <action android:name="android.intent.action.SENDTO" />
163-->src/main/AndroidManifest.xml:128:17-71
163-->src/main/AndroidManifest.xml:128:25-68
164                <action android:name="android.intent.action.VIEW" />
164-->src/main/AndroidManifest.xml:129:17-69
164-->src/main/AndroidManifest.xml:129:25-66
165
166                <category android:name="android.intent.category.DEFAULT" />
166-->src/main/AndroidManifest.xml:116:17-76
166-->src/main/AndroidManifest.xml:116:27-73
167                <category android:name="android.intent.category.BROWSABLE" />
167-->src/main/AndroidManifest.xml:131:17-78
167-->src/main/AndroidManifest.xml:131:27-75
168            </intent-filter>
169            <intent-filter>
169-->src/main/AndroidManifest.xml:134:13-144:29
170                <action android:name="android.intent.action.SEND_MULTIPLE" />
170-->src/main/AndroidManifest.xml:135:17-78
170-->src/main/AndroidManifest.xml:135:25-75
171
172                <category android:name="android.intent.category.DEFAULT" />
172-->src/main/AndroidManifest.xml:116:17-76
172-->src/main/AndroidManifest.xml:116:27-73
173
174                <data android:mimeType="audio/*" />
174-->src/main/AndroidManifest.xml:117:17-52
174-->src/main/AndroidManifest.xml:117:23-49
175                <data android:mimeType="image/*" />
175-->src/main/AndroidManifest.xml:117:17-52
175-->src/main/AndroidManifest.xml:117:23-49
176                <data android:mimeType="text/plain" />
176-->src/main/AndroidManifest.xml:117:17-52
176-->src/main/AndroidManifest.xml:117:23-49
177                <data android:mimeType="video/*" />
177-->src/main/AndroidManifest.xml:117:17-52
177-->src/main/AndroidManifest.xml:117:23-49
178                <data android:mimeType="application/*" />
178-->src/main/AndroidManifest.xml:117:17-52
178-->src/main/AndroidManifest.xml:117:23-49
179                <data android:mimeType="text/*" />
179-->src/main/AndroidManifest.xml:117:17-52
179-->src/main/AndroidManifest.xml:117:23-49
180                <data android:mimeType="*/*" />
180-->src/main/AndroidManifest.xml:117:17-52
180-->src/main/AndroidManifest.xml:117:23-49
181            </intent-filter>
182
183            <meta-data
183-->src/main/AndroidManifest.xml:145:13-147:83
184                android:name="android.service.chooser.chooser_target_service"
184-->src/main/AndroidManifest.xml:146:17-78
185                android:value="androidx.sharetarget.ChooserTargetServiceCompat" />
185-->src/main/AndroidManifest.xml:147:17-80
186        </activity>
187        <activity
187-->src/main/AndroidManifest.xml:151:9-157:39
188            android:name="org.thoughtcrime.securesms.ConversationListActivity"
188-->src/main/AndroidManifest.xml:152:13-53
189            android:configChanges="touchscreen|keyboard|keyboardHidden|orientation|screenLayout|screenSize"
189-->src/main/AndroidManifest.xml:156:13-108
190            android:exported="true"
190-->src/main/AndroidManifest.xml:157:13-36
191            android:label="@string/app_name"
191-->src/main/AndroidManifest.xml:153:13-45
192            android:launchMode="singleTask"
192-->src/main/AndroidManifest.xml:154:13-44
193            android:theme="@style/TextSecure.Splash" />
193-->src/main/AndroidManifest.xml:155:13-53
194
195        <activity-alias
195-->src/main/AndroidManifest.xml:159:9-209:26
196            android:name="org.thoughtcrime.securesms.RoutingActivity"
196-->src/main/AndroidManifest.xml:160:13-44
197            android:exported="true"
197-->src/main/AndroidManifest.xml:162:13-36
198            android:targetActivity="org.thoughtcrime.securesms.ConversationListActivity" >
198-->src/main/AndroidManifest.xml:161:13-63
199            <intent-filter>
199-->src/main/AndroidManifest.xml:164:13-168:29
200                <action android:name="android.intent.action.MAIN" />
200-->src/main/AndroidManifest.xml:165:17-69
200-->src/main/AndroidManifest.xml:165:25-66
201
202                <category android:name="android.intent.category.LAUNCHER" />
202-->src/main/AndroidManifest.xml:166:17-77
202-->src/main/AndroidManifest.xml:166:27-74
203                <category android:name="android.intent.category.MULTIWINDOW_LAUNCHER" />
203-->src/main/AndroidManifest.xml:167:17-89
203-->src/main/AndroidManifest.xml:167:27-86
204            </intent-filter>
205            <intent-filter>
205-->src/main/AndroidManifest.xml:170:13-188:29
206                <action android:name="android.intent.action.VIEW" />
206-->src/main/AndroidManifest.xml:129:17-69
206-->src/main/AndroidManifest.xml:129:25-66
207
208                <category android:name="android.intent.category.DEFAULT" />
208-->src/main/AndroidManifest.xml:116:17-76
208-->src/main/AndroidManifest.xml:116:27-73
209                <category android:name="android.intent.category.BROWSABLE" />
209-->src/main/AndroidManifest.xml:131:17-78
209-->src/main/AndroidManifest.xml:131:27-75
210                <!-- Android's scheme matcher is case-sensitive, so include most likely variations -->
211                <data android:scheme="openpgp4fpr" />
211-->src/main/AndroidManifest.xml:117:17-52
212                <data android:scheme="OPENPGP4FPR" />
212-->src/main/AndroidManifest.xml:117:17-52
213                <data android:scheme="OpenPGP4FPR" />
213-->src/main/AndroidManifest.xml:117:17-52
214                <data android:scheme="OpenPGP4Fpr" />
214-->src/main/AndroidManifest.xml:117:17-52
215                <data android:scheme="OpenPGP4fpr" />
215-->src/main/AndroidManifest.xml:117:17-52
216            </intent-filter>
217            <intent-filter android:autoVerify="true" >
217-->src/main/AndroidManifest.xml:190:13-197:29
217-->src/main/AndroidManifest.xml:190:28-53
218                <action android:name="android.intent.action.VIEW" />
218-->src/main/AndroidManifest.xml:129:17-69
218-->src/main/AndroidManifest.xml:129:25-66
219
220                <category android:name="android.intent.category.DEFAULT" />
220-->src/main/AndroidManifest.xml:116:17-76
220-->src/main/AndroidManifest.xml:116:27-73
221                <category android:name="android.intent.category.BROWSABLE" />
221-->src/main/AndroidManifest.xml:131:17-78
221-->src/main/AndroidManifest.xml:131:27-75
222
223                <data
223-->src/main/AndroidManifest.xml:117:17-52
224                    android:host="i.delta.chat"
225                    android:scheme="https" />
226            </intent-filter>
227
228            <meta-data
228-->src/main/AndroidManifest.xml:199:13-201:58
229                android:name="com.sec.minimode.icon.portrait.normal"
229-->src/main/AndroidManifest.xml:200:17-69
230                android:resource="@mipmap/ic_launcher" />
230-->src/main/AndroidManifest.xml:201:17-55
231            <meta-data
231-->src/main/AndroidManifest.xml:202:13-204:58
232                android:name="com.sec.minimode.icon.landscape.normal"
232-->src/main/AndroidManifest.xml:203:17-70
233                android:resource="@mipmap/ic_launcher" />
233-->src/main/AndroidManifest.xml:204:17-55
234            <meta-data
234-->src/main/AndroidManifest.xml:205:13-207:53
235                android:name="android.app.shortcuts"
235-->src/main/AndroidManifest.xml:206:17-53
236                android:resource="@xml/shortcuts" />
236-->src/main/AndroidManifest.xml:207:17-50
237        </activity-alias>
238
239        <activity
239-->src/main/AndroidManifest.xml:211:9-220:20
240            android:name="org.thoughtcrime.securesms.ConversationListArchiveActivity"
240-->src/main/AndroidManifest.xml:212:13-60
241            android:configChanges="touchscreen|keyboard|keyboardHidden|orientation|screenLayout|screenSize"
241-->src/main/AndroidManifest.xml:215:13-108
242            android:label="@string/chat_archived_label"
242-->src/main/AndroidManifest.xml:213:13-56
243            android:launchMode="singleTask"
243-->src/main/AndroidManifest.xml:214:13-44
244            android:parentActivityName="org.thoughtcrime.securesms.ConversationListActivity" >
244-->src/main/AndroidManifest.xml:216:13-67
245            <meta-data
245-->src/main/AndroidManifest.xml:217:13-219:87
246                android:name="android.support.PARENT_ACTIVITY"
246-->src/main/AndroidManifest.xml:218:17-63
247                android:value="org.thoughtcrime.securesms.ConversationListActivity" />
247-->src/main/AndroidManifest.xml:219:17-84
248        </activity>
249        <activity
249-->src/main/AndroidManifest.xml:222:9-227:111
250            android:name="org.thoughtcrime.securesms.ConversationListRelayingActivity"
250-->src/main/AndroidManifest.xml:223:13-61
251            android:configChanges="touchscreen|keyboard|keyboardHidden|orientation|screenLayout|screenSize"
251-->src/main/AndroidManifest.xml:227:13-108
252            android:label="@string/app_name"
252-->src/main/AndroidManifest.xml:224:13-45
253            android:launchMode="singleTask"
253-->src/main/AndroidManifest.xml:225:13-44
254            android:theme="@style/TextSecure.LightNoActionBar" />
254-->src/main/AndroidManifest.xml:226:13-63
255        <activity
255-->src/main/AndroidManifest.xml:229:9-243:20
256            android:name="org.thoughtcrime.securesms.ConversationActivity"
256-->src/main/AndroidManifest.xml:230:13-49
257            android:configChanges="touchscreen|keyboard|keyboardHidden|orientation|screenLayout|screenSize"
257-->src/main/AndroidManifest.xml:234:13-108
258            android:launchMode="singleTask"
258-->src/main/AndroidManifest.xml:232:13-44
259            android:parentActivityName="org.thoughtcrime.securesms.ConversationListActivity"
259-->src/main/AndroidManifest.xml:235:13-67
260            android:relinquishTaskIdentity="true"
260-->src/main/AndroidManifest.xml:233:13-50
261            android:windowSoftInputMode="stateUnchanged" >
261-->src/main/AndroidManifest.xml:231:13-57
262
263            <!--
264                 Without relinquishTaskIdentity="true", we would have the following bug: - Directly open
265                a chat via shortcut (by long-pressing on the DeltaChat icon in the launcher) - Press back twice - Reopen
266                DeltaChat from recent apps - Expected: ConversationList shown. Actual: The chat from the beginning is
267                shown again.
268            -->
269            <meta-data
269-->src/main/AndroidManifest.xml:217:13-219:87
270                android:name="android.support.PARENT_ACTIVITY"
270-->src/main/AndroidManifest.xml:218:17-63
271                android:value="org.thoughtcrime.securesms.ConversationListActivity" />
271-->src/main/AndroidManifest.xml:219:17-84
272        </activity>
273        <activity
273-->src/main/AndroidManifest.xml:245:9-247:111
274            android:name="org.thoughtcrime.securesms.GroupCreateActivity"
274-->src/main/AndroidManifest.xml:246:13-48
275            android:configChanges="touchscreen|keyboard|keyboardHidden|orientation|screenLayout|screenSize" />
275-->src/main/AndroidManifest.xml:247:13-108
276        <activity
276-->src/main/AndroidManifest.xml:249:9-251:111
277            android:name="org.thoughtcrime.securesms.contacts.NewContactActivity"
277-->src/main/AndroidManifest.xml:250:13-56
278            android:configChanges="touchscreen|keyboard|keyboardHidden|orientation|screenLayout|screenSize" />
278-->src/main/AndroidManifest.xml:251:13-108
279        <activity
279-->src/main/AndroidManifest.xml:253:9-258:20
280            android:name="org.thoughtcrime.securesms.NewConversationActivity"
280-->src/main/AndroidManifest.xml:254:13-52
281            android:configChanges="touchscreen|keyboard|keyboardHidden|orientation|screenLayout|screenSize"
281-->src/main/AndroidManifest.xml:257:13-108
282            android:theme="@style/TextSecure.LightNoActionBar"
282-->src/main/AndroidManifest.xml:255:13-63
283            android:windowSoftInputMode="stateHidden" >
283-->src/main/AndroidManifest.xml:256:13-54
284        </activity>
285        <activity
285-->src/main/AndroidManifest.xml:260:9-264:111
286            android:name="org.thoughtcrime.securesms.ContactMultiSelectionActivity"
286-->src/main/AndroidManifest.xml:261:13-58
287            android:configChanges="touchscreen|keyboard|keyboardHidden|orientation|screenLayout|screenSize"
287-->src/main/AndroidManifest.xml:264:13-108
288            android:label="@string/contacts_title"
288-->src/main/AndroidManifest.xml:262:13-51
289            android:windowSoftInputMode="stateHidden" />
289-->src/main/AndroidManifest.xml:263:13-54
290        <activity
290-->src/main/AndroidManifest.xml:266:9-268:111
291            android:name="org.thoughtcrime.securesms.ApplicationPreferencesActivity"
291-->src/main/AndroidManifest.xml:267:13-59
292            android:configChanges="touchscreen|keyboard|keyboardHidden|orientation|screenLayout|screenSize" />
292-->src/main/AndroidManifest.xml:268:13-108
293        <activity
293-->src/main/AndroidManifest.xml:270:9-274:111
294            android:name="org.thoughtcrime.securesms.WelcomeActivity"
294-->src/main/AndroidManifest.xml:271:13-44
295            android:configChanges="touchscreen|keyboard|keyboardHidden|orientation|screenLayout|screenSize"
295-->src/main/AndroidManifest.xml:274:13-108
296            android:launchMode="singleTop"
296-->src/main/AndroidManifest.xml:272:13-43
297            android:theme="@style/TextSecure.LightNoActionBar" />
297-->src/main/AndroidManifest.xml:273:13-63
298        <activity
298-->src/main/AndroidManifest.xml:276:9-281:20
299            android:name="org.thoughtcrime.securesms.relay.EditRelayActivity"
299-->src/main/AndroidManifest.xml:277:13-52
300            android:configChanges="touchscreen|keyboard|keyboardHidden|orientation|screenLayout|screenSize"
300-->src/main/AndroidManifest.xml:280:13-108
301            android:launchMode="singleTask"